Build started 9/25/2014 12:31:36 PM.
     1>Project "C:\Users\hzyereba\Desktop\I2GMM\I2GMM\I2GMM\I2GMM.vcxproj" on node 2 (Rebuild target(s)).
     1>C:\Program Files (x86)\MSBuild\Microsoft.Cpp\v4.0\V120\Microsoft.CppBuild.targets(357,5): warning MSB8004: Output Directory does not end with a trailing slash.  This build instance will add the slash as it is required to allow proper evaluation of the Output Directory.
     1>ClCompile:
         C:\Program Files (x86)\Microsoft Visual Studio 12.0\VC\bin\x86_amd64\CL.exe /c /Zi /nologo /W3 /WX- /sdl /O2 /Oi /GL /D _MBCS /Gm- /EHsc /MD /GS /Gy /fp:precise /Zc:wchar_t /Zc:forScope /Fo"x64\Release\\" /Fd"x64\Release\vc120.pdb" /Gd /TP /errorReport:prompt ..\..\src\Buffer.cpp ..\..\src\Customer.cpp ..\..\src\DataSet.cpp ..\..\src\Dish.cpp ..\..\src\i2gmm.cpp ..\..\src\Global.cpp ..\..\src\Matrix.cpp ..\..\src\Normal.cpp ..\..\src\Restaurant.cpp ..\..\src\Source.cpp ..\..\src\Stut.cpp ..\..\src\Table.cpp ..\..\src\ThreadPool.cpp ..\..\src\util.cpp ..\..\src\Vector.cpp
         Buffer.cpp
         Customer.cpp
     1>c:\users\hzyereba\desktop\i2gmm\src\util.h(6): warning C4005: 'INFINITY' : macro redefinition
                 C:\Program Files (x86)\Microsoft Visual Studio 12.0\VC\include\math.h(102) : see previous definition of 'INFINITY'
         DataSet.cpp
     1>c:\users\hzyereba\desktop\i2gmm\src\util.h(6): warning C4005: 'INFINITY' : macro redefinition
                 C:\Program Files (x86)\Microsoft Visual Studio 12.0\VC\include\math.h(102) : see previous definition of 'INFINITY'
     1>..\..\src\DataSet.cpp(16): warning C4244: '=' : conversion from 'double' to 'int', possible loss of data
         Dish.cpp
     1>c:\users\hzyereba\desktop\i2gmm\src\util.h(6): warning C4005: 'INFINITY' : macro redefinition
                 C:\Program Files (x86)\Microsoft Visual Studio 12.0\VC\include\math.h(102) : see previous definition of 'INFINITY'
         i2gmm.cpp
     1>c:\users\hzyereba\desktop\i2gmm\src\util.h(6): warning C4005: 'INFINITY' : macro redefinition
                 C:\Program Files (x86)\Microsoft Visual Studio 12.0\VC\include\math.h(102) : see previous definition of 'INFINITY'
     1>..\..\src\i2gmm.cpp(37): warning C4244: 'argument' : conversion from 'time_t' to 'unsigned int', possible loss of data
     1>..\..\src\i2gmm.cpp(72): warning C4244: '=' : conversion from 'double' to 'int', possible loss of data
     1>..\..\src\i2gmm.cpp(76): warning C4244: 'argument' : conversion from 'double' to 'int', possible loss of data
     1>..\..\src\i2gmm.cpp(262): warning C4267: 'initializing' : conversion from 'size_t' to 'int', possible loss of data
     1>..\..\src\i2gmm.cpp(428): warning C4267: 'initializing' : conversion from 'size_t' to 'int', possible loss of data
     1>..\..\src\i2gmm.cpp(429): warning C4267: 'initializing' : conversion from 'size_t' to 'int', possible loss of data
     1>..\..\src\i2gmm.cpp(89): warning C4101: 'k' : unreferenced local variable
     1>..\..\src\i2gmm.cpp(89): warning C4101: 'j' : unreferenced local variable
         Global.cpp
         Matrix.cpp
     1>..\..\src\Matrix.cpp(49): warning C4101: 'val' : unreferenced local variable
     1>..\..\src\Matrix.cpp(84): warning C4101: 'i' : unreferenced local variable
     1>..\..\src\Matrix.cpp(85): warning C4101: 'val' : unreferenced local variable
     1>..\..\src\Matrix.cpp(84): warning C4101: 'j' : unreferenced local variable
     1>..\..\src\Matrix.cpp(105): warning C4101: 'i' : unreferenced local variable
     1>..\..\src\Matrix.cpp(105): warning C4101: 'j' : unreferenced local variable
         Normal.cpp
         Restaurant.cpp
     1>c:\users\hzyereba\desktop\i2gmm\src\util.h(6): warning C4005: 'INFINITY' : macro redefinition
                 C:\Program Files (x86)\Microsoft Visual Studio 12.0\VC\include\math.h(102) : see previous definition of 'INFINITY'
     1>..\..\src\Restaurant.cpp(16): warning C4101: 'i' : unreferenced local variable
     1>..\..\src\Restaurant.cpp(54): warning C4267: '=' : conversion from 'size_t' to 'int', possible loss of data
     1>..\..\src\Restaurant.cpp(53): warning C4101: 'subrest' : unreferenced local variable
     1>..\..\src\Restaurant.cpp(52): warning C4101: 'ti' : unreferenced local variable
     1>..\..\src\Restaurant.cpp(136): warning C4267: 'initializing' : conversion from 'size_t' to 'int', possible loss of data
     1>..\..\src\Restaurant.cpp(139): warning C4267: 'initializing' : conversion from 'size_t' to 'int', possible loss of data
         Source.cpp
         Stut.cpp
     1>c:\users\hzyereba\desktop\i2gmm\src\util.h(6): warning C4005: 'INFINITY' : macro redefinition
                 C:\Program Files (x86)\Microsoft Visual Studio 12.0\VC\include\math.h(102) : see previous definition of 'INFINITY'
     1>..\..\src\Stut.cpp(17): warning C4244: 'argument' : conversion from 'double' to 'const int', possible loss of data
         Table.cpp
     1>c:\users\hzyereba\desktop\i2gmm\src\util.h(6): warning C4005: 'INFINITY' : macro redefinition
                 C:\Program Files (x86)\Microsoft Visual Studio 12.0\VC\include\math.h(102) : see previous definition of 'INFINITY'
         ThreadPool.cpp
     1>..\..\src\ThreadPool.cpp(38): warning C4244: 'argument' : conversion from 'time_t' to 'unsigned int', possible loss of data
         util.cpp
     1>c:\users\hzyereba\desktop\i2gmm\src\util.h(6): warning C4005: 'INFINITY' : macro redefinition
                 C:\Program Files (x86)\Microsoft Visual Studio 12.0\VC\include\math.h(102) : see previous definition of 'INFINITY'
     1>..\..\src\util.cpp(28): warning C4005: 'NAN' : macro redefinition
                 C:\Program Files (x86)\Microsoft Visual Studio 12.0\VC\include\math.h(106) : see previous definition of 'NAN'
         Vector.cpp
     1>..\..\src\Vector.cpp(129): warning C4101: 'i' : unreferenced local variable
       Link:
         C:\Program Files (x86)\Microsoft Visual Studio 12.0\VC\bin\x86_amd64\link.exe /ERRORREPORT:PROMPT /OUT:"../../run\I2GMM.exe" /NOLOGO kernel32.lib user32.lib gdi32.lib winspool.lib comdlg32.lib advapi32.lib shell32.lib ole32.lib oleaut32.lib uuid.lib odbc32.lib odbccp32.lib /MANIFEST /MANIFESTUAC:"level='asInvoker' uiAccess='false'" /manifest:embed /DEBUG /PDB:"../../run\I2GMM.pdb" /OPT:REF /OPT:ICF /LTCG /TLBID:1 /DYNAMICBASE /NXCOMPAT /IMPLIB:"../../run\I2GMM.lib" /MACHINE:X64 x64\Release\Buffer.obj
         x64\Release\Customer.obj
         x64\Release\DataSet.obj
         x64\Release\Dish.obj
         x64\Release\i2gmm.obj
         x64\Release\Global.obj
         x64\Release\Matrix.obj
         x64\Release\Normal.obj
         x64\Release\Restaurant.obj
         x64\Release\Source.obj
         x64\Release\Stut.obj
         x64\Release\Table.obj
         x64\Release\ThreadPool.obj
         x64\Release\util.obj
         x64\Release\Vector.obj
         Generating code
     1>c:\users\hzyereba\desktop\i2gmm\src\util.cpp(25): warning C4723: potential divide by 0
     1>c:\users\hzyereba\desktop\i2gmm\src\util.cpp(21): warning C4723: potential divide by 0
     1>c:\users\hzyereba\desktop\i2gmm\src\util.cpp(21): warning C4723: potential divide by 0
     1>c:\users\hzyereba\desktop\i2gmm\src\util.cpp(25): warning C4723: potential divide by 0
     1>c:\users\hzyereba\desktop\i2gmm\src\util.cpp(21): warning C4723: potential divide by 0
         Finished generating code
         I2GMM.vcxproj -> C:\Users\hzyereba\Desktop\I2GMM\I2GMM\I2GMM\../../run\I2GMM.exe
     1>Done Building Project "C:\Users\hzyereba\Desktop\I2GMM\I2GMM\I2GMM\I2GMM.vcxproj" (Rebuild target(s)).

Build succeeded.

Time Elapsed 00:00:10.60
