100000 
99501 231 268 
99732 268 
99732 268 
99732 268 
99732 268 
99732 268 
99732 268 
99732 268 
99732 268 
99732 268 
99732 268 
99732 268 
99732 268 
99732 268 
99732 268 
99732 268 
99732 268 
99732 268 
99732 268 
99732 268 
99732 268 
99732 268 
99732 268 
99732 268 
99732 268 
99732 268 
99732 268 
99732 268 
99732 268 
99732 268 
99732 268 
99732 268 
99732 268 
99732 268 
99115 617 268 
99115 268 617 
99115 617 268 
99115 268 617 
99115 268 617 
99115 268 617 
99115 617 268 
99115 617 268 
99115 617 268 
99115 617 268 
99115 268 617 
99115 268 617 
99732 268 
99732 268 
99732 268 
99732 268 
99732 268 
99732 268 
99732 268 
99732 268 
99732 268 
99732 268 
99732 268 
99732 268 
99732 268 
99732 268 
99732 268 
99732 268 
99732 268 
99732 268 
99732 268 
99732 268 
99732 268 
99732 268 
99732 268 
99732 268 
99732 268 
99732 268 
99732 268 
99732 268 
99732 268 
99732 268 
99732 268 
99732 268 
99732 268 
99732 268 
99732 268 
99732 268 
99732 268 
99732 268 
99732 268 
99732 268 
99732 268 
99732 268 
99732 268 
99732 268 
99731 1 268 
99732 268 
99732 268 
99732 268 
99732 268 
99732 268 
99732 268 
99732 268 
99732 268 
99732 268 
99732 268 
99732 268 
99732 268 
99732 268 
99732 268 
99732 268 
99732 268 
99732 268 
99732 268 
99732 268 
99732 268 
99732 268 
99732 268 
99732 268 
99732 268 
99732 268 
99732 268 
99732 268 
99732 268 
99732 268 
99732 268 
99732 268 
99732 268 
99732 268 
99732 268 
99732 268 
99732 268 
99732 268 
99732 268 
99732 268 
99732 268 
99732 268 
99732 268 
99732 268 
99732 268 
99732 268 
99732 268 
99732 268 
99732 268 
99732 268 
99732 268 
99732 268 
99732 268 
99732 268 
99732 268 
99732 268 
99732 268 
99732 268 
99732 268 
99732 268 
99732 268 
99732 268 
99558 268 174 
99093 639 268 
99093 639 268 
99093 639 268 
99093 639 268 
99093 639 268 
99093 639 268 
99093 639 268 
99093 639 268 
99093 639 268 
99093 639 268 
99093 639 268 
99093 639 268 
99093 639 268 
99093 639 268 
99093 639 268 
99093 639 268 
99093 639 268 
99093 639 268 
99093 639 268 
99093 639 268 
99093 639 268 
99093 639 268 
99093 639 268 
99093 639 268 
99093 639 268 
99093 639 268 
99093 639 268 
99093 639 268 
99093 639 268 
99093 639 268 
99093 639 268 
99093 639 268 
99093 639 268 
99093 639 268 
99093 639 268 
99093 639 268 
99093 639 268 
99093 639 268 
99093 639 268 
99093 639 268 
99093 639 268 
99093 639 268 
99093 639 268 
99093 639 268 
99093 639 268 
99093 639 268 
99093 639 268 
99093 639 268 
99093 639 268 
99093 639 268 
99093 639 268 
99093 639 268 
99093 639 268 
99093 639 268 
99093 639 268 
99093 639 268 
99093 639 268 
99093 639 268 
99093 639 268 
99093 639 268 
99093 639 268 
99093 639 268 
99093 639 268 
99093 639 268 
99093 639 268 
99093 639 268 
99093 639 268 
99093 639 268 
99093 639 268 
99093 639 268 
99093 639 268 
99093 639 268 
99093 639 268 
99093 639 268 
99093 639 268 
99093 639 268 
99093 639 268 
99093 639 268 
99092 640 268 
99092 640 268 
99092 640 268 
99092 640 268 
99092 640 268 
99092 640 268 
99092 640 268 
99092 640 268 
99092 640 268 
99092 640 268 
99092 640 268 
99092 640 268 
99092 640 268 
99092 640 268 
99092 640 268 
99092 640 268 
99092 640 268 
99092 640 268 
99092 640 268 
99092 640 268 
99092 640 268 
99092 640 268 
99092 639 268 1 
99092 639 1 268 
99092 639 268 1 
99093 639 268 
99093 639 268 
99093 639 268 
99093 639 268 
99093 639 268 
99093 639 268 
99093 639 268 
99093 639 268 
99093 639 268 
99093 639 268 
99093 639 268 
99093 639 268 
99093 639 268 
99093 639 268 
99093 639 268 
99093 639 268 
99093 639 268 
99093 639 268 
99093 639 268 
99093 639 268 
99093 639 268 
99093 639 268 
99093 639 268 
99093 639 268 
99093 639 268 
99093 639 268 
99093 639 268 
99093 639 268 
99093 639 268 
99093 639 268 
99093 639 268 
99093 639 268 
99093 639 268 
99093 639 268 
99093 639 268 
99093 639 268 
99093 639 268 
99093 639 268 
99093 639 268 
99093 639 268 
99093 639 268 
99093 639 268 
99093 639 268 
99093 639 268 
99093 639 268 
99093 639 268 
99093 639 268 
99093 639 268 
99093 639 268 
99093 639 268 
99093 639 268 
99093 639 268 
99093 639 268 
99093 639 268 
99093 639 268 
99093 639 268 
99093 639 268 
99093 639 268 
99093 639 268 
99093 639 268 
99093 639 268 
99093 639 268 
99093 639 268 
99093 639 268 
99093 639 268 
99093 639 268 
99093 639 268 
99093 639 268 
99093 639 268 
99093 639 268 
99093 639 268 
99093 639 268 
99093 639 268 
99093 639 268 
99093 639 268 
99093 639 268 
99093 639 268 
99093 639 268 
99093 639 268 
99093 639 268 
99093 639 268 
99093 639 268 
99093 639 268 
99093 639 268 
99093 639 268 
99093 639 268 
99093 639 268 
99093 639 268 
99093 639 268 
99093 639 268 
99093 639 268 
99093 639 268 
99093 639 268 
99093 639 268 
99093 639 268 
99093 639 268 
99093 639 268 
99093 639 268 
99093 639 268 
99093 639 268 
99093 639 268 
99093 639 268 
99093 639 268 
99093 639 268 
99093 639 268 
99093 639 268 
99093 639 268 
99093 639 268 
99093 639 268 
99093 639 268 
99093 639 268 
99093 639 268 
99093 639 268 
99093 639 268 
99093 639 268 
99093 639 268 
99093 639 268 
99093 639 268 
99093 639 268 
99093 639 268 
99093 639 268 
99093 639 268 
99093 639 268 
99093 639 268 
99093 639 268 
99093 639 268 
99093 639 268 
99093 639 268 
99093 639 268 
99093 639 268 
99093 639 268 
99093 639 268 
99093 639 268 
99093 639 268 
99093 639 268 
99093 639 268 
99093 639 268 
99093 639 268 
99093 639 268 
99093 639 268 
99093 639 268 
99093 639 268 
99093 639 268 
99093 639 268 
99093 639 268 
99093 639 268 
99093 639 268 
99093 639 268 
99093 639 268 
99093 639 268 
99093 639 268 
99093 639 268 
99093 639 268 
99093 639 268 
99093 639 268 
99093 639 268 
99093 639 268 
99093 639 268 
99093 639 268 
99093 639 268 
99093 639 268 
99093 639 268 
99093 639 268 
99093 639 268 
99093 639 268 
99093 639 268 
99093 639 268 
99093 639 268 
99093 639 268 
99093 639 268 
99093 639 268 
99093 639 268 
99093 639 268 
99093 639 268 
99093 639 268 
99093 639 268 
99093 639 268 
99093 639 268 
99093 639 268 
99093 639 268 
99093 639 268 
99093 639 268 
99093 639 268 
99093 639 268 
99093 639 268 
99093 639 268 
99093 639 268 
99093 639 268 
99093 639 268 
99093 639 268 
99093 639 268 
99093 639 268 
99093 639 268 
99093 639 268 
99093 639 268 
99093 639 268 
99092 639 269 
99092 640 268 
99092 640 268 
99092 640 268 
99092 640 268 
99092 640 268 
99092 640 268 
99092 640 268 
99092 640 268 
99092 640 268 
99092 640 268 
99092 640 268 
99092 640 268 
99092 640 268 
99092 640 268 
99092 640 268 
99092 640 268 
99092 640 268 
99092 640 268 
99092 640 268 
99092 640 268 
99092 640 268 
99092 640 268 
99092 640 268 
99092 640 268 
99092 640 268 
99092 640 268 
99092 640 268 
99092 640 268 
99092 640 268 
99092 640 268 
99092 640 268 
99092 640 268 
99092 640 268 
99092 640 268 
99092 640 268 
99092 640 268 
99092 640 268 
99092 640 268 
99092 640 268 
99092 640 268 
99092 640 268 
99092 640 268 
99092 640 268 
99092 640 268 
99092 640 268 
99092 640 268 
99092 640 268 
